warn: Microsoft.AspNetCore.DataProtection.Repositories.EphemeralXmlRepository[50]
      Using an in-memory repository. Keys will not be persisted to storage.
warn: Microsoft.AspNetCore.DataProtection.KeyManagement.XmlKeyManager[59]
      Neither user profile nor HKLM registry available. Using an ephemeral key repository. Protected data will be unavailable when application exits.
warn: Microsoft.AspNetCore.DataProtection.KeyManagement.XmlKeyManager[35]
      No XML encryptor configured. Key {f4b414ba-edc7-4282-8eb1-4b9863344157} may be persisted to storage in unencrypted form.
Application startup exception: System.IO.FileNotFoundException: Could not load file or assembly 'Microsoft.VisualStudio.Web.BrowserLink, Version=2.1.0.0, Culture=neutral, PublicKeyToken=adb9793829ddae60'. 系统找不到指定的文件。
File name: 'Microsoft.VisualStudio.Web.BrowserLink, Version=2.1.0.0, Culture=neutral, PublicKeyToken=adb9793829ddae60'
   at MyWebCore.Startup.Configure(IApplicationBuilder app, IHostingEnvironment env)
--- End of stack trace from previous location where exception was thrown ---
   at Microsoft.AspNetCore.Hosting.ConventionBasedStartup.Configure(IApplicationBuilder app)
   at Microsoft.AspNetCore.Server.IISIntegration.IISSetupFilter.<>c__DisplayClass4_0.<Configure>b__0(IApplicationBuilder app)
   at Microsoft.AspNetCore.HostFilteringStartupFilter.<>c__DisplayClass0_0.<Configure>b__0(IApplicationBuilder app)
   at Microsoft.AspNetCore.Hosting.Internal.AutoRequestServicesStartupFilter.<>c__DisplayClass0_0.<Configure>b__0(IApplicationBuilder builder)
   at Microsoft.AspNetCore.Hosting.Internal.WebHost.BuildApplication()


crit: Microsoft.AspNetCore.Hosting.Internal.WebHost[6]
      Application startup exception
System.IO.FileNotFoundException: Could not load file or assembly 'Microsoft.VisualStudio.Web.BrowserLink, Version=2.1.0.0, Culture=neutral, PublicKeyToken=adb9793829ddae60'. 系统找不到指定的文件。
File name: 'Microsoft.VisualStudio.Web.BrowserLink, Version=2.1.0.0, Culture=neutral, PublicKeyToken=adb9793829ddae60'
   at MyWebCore.Startup.Configure(IApplicationBuilder app, IHostingEnvironment env)
--- End of stack trace from previous location where exception was thrown ---
   at Microsoft.AspNetCore.Hosting.ConventionBasedStartup.Configure(IApplicationBuilder app)
   at Microsoft.AspNetCore.Server.IISIntegration.IISSetupFilter.<>c__DisplayClass4_0.<Configure>b__0(IApplicationBuilder app)
   at Microsoft.AspNetCore.HostFilteringStartupFilter.<>c__DisplayClass0_0.<Configure>b__0(IApplicationBuilder app)
   at Microsoft.AspNetCore.Hosting.Internal.AutoRequestServicesStartupFilter.<>c__DisplayClass0_0.<Configure>b__0(IApplicationBuilder builder)
   at Microsoft.AspNetCore.Hosting.Internal.WebHost.BuildApplication()


Hosting environment: Production
Content root path: C:\Users\Administrator\Desktop\publish
Now listening on: http://127.0.0.1:31125
Application started. Press Ctrl+C to shut down.
Application is shutting down...
